[2016-09-01 05:21:47] default.ALERT 4908 db1c9dc: Fatal Error (E_ERROR): Call to undefined function imagecreatefrompng() {"code":1,"message":"Call to undefined function imagecreatefrompng()","file":"/home/you/php/practice/framework/libs/vendor/kcaptcha/kcaptcha.php","line":49}
[2016-09-01 05:26:37] default.ALERT 4908 3d19ec3: Fatal Error (E_ERROR): Call to undefined function imagecreatefrompng() {"code":1,"message":"Call to undefined function imagecreatefrompng()","file":"/home/you/php/practice/framework/libs/vendor/kcaptcha/kcaptcha.php","line":49}
[2016-09-01 05:26:39] default.ALERT 4907 6c7d4e6: Fatal Error (E_ERROR): Call to undefined function imagecreatefrompng() {"code":1,"message":"Call to undefined function imagecreatefrompng()","file":"/home/you/php/practice/framework/libs/vendor/kcaptcha/kcaptcha.php","line":49}
[2016-09-01 05:26:53] default.ALERT 4908 5417b95: Fatal Error (E_ERROR): Call to undefined function imagecreatefrompng() {"code":1,"message":"Call to undefined function imagecreatefrompng()","file":"/home/you/php/practice/framework/libs/vendor/kcaptcha/kcaptcha.php","line":49}
[2016-09-01 05:27:11] default.ALERT 4907 85cc6ae: Fatal Error (E_ERROR): Call to undefined function imagecreatefrompng() {"code":1,"message":"Call to undefined function imagecreatefrompng()","file":"/home/you/php/practice/framework/libs/vendor/kcaptcha/kcaptcha.php","line":49}
[2016-09-01 05:27:27] default.ALERT 4908 6cc2d87: Fatal Error (E_ERROR): Call to undefined function imagecreatefrompng() {"code":1,"message":"Call to undefined function imagecreatefrompng()","file":"/home/you/php/practice/framework/libs/vendor/kcaptcha/kcaptcha.php","line":49}
[2016-09-01 05:27:28] default.ALERT 4907 4976a35: Fatal Error (E_ERROR): Call to undefined function imagecreatefrompng() {"code":1,"message":"Call to undefined function imagecreatefrompng()","file":"/home/you/php/practice/framework/libs/vendor/kcaptcha/kcaptcha.php","line":49}
[2016-09-01 05:27:28] default.ALERT 4908 3a994e6: Fatal Error (E_ERROR): Call to undefined function imagecreatefrompng() {"code":1,"message":"Call to undefined function imagecreatefrompng()","file":"/home/you/php/practice/framework/libs/vendor/kcaptcha/kcaptcha.php","line":49}
[2016-09-01 05:31:20] default.ALERT 4908 7a00c27: Fatal Error (E_ERROR): Call to undefined function imagecreatefrompng() {"code":1,"message":"Call to undefined function imagecreatefrompng()","file":"/home/you/php/practice/framework/libs/vendor/kcaptcha/kcaptcha.php","line":49}
[2016-09-01 05:31:22] default.ALERT 4907 2489165: Fatal Error (E_ERROR): Call to undefined function imagecreatefrompng() {"code":1,"message":"Call to undefined function imagecreatefrompng()","file":"/home/you/php/practice/framework/libs/vendor/kcaptcha/kcaptcha.php","line":49}
[2016-09-01 05:31:23] default.ALERT 4908 e19ce0d: Fatal Error (E_ERROR): Call to undefined function imagecreatefrompng() {"code":1,"message":"Call to undefined function imagecreatefrompng()","file":"/home/you/php/practice/framework/libs/vendor/kcaptcha/kcaptcha.php","line":49}
[2016-09-01 05:31:44] default.ALERT 4908 bbc9e86: Fatal Error (E_ERROR): Call to undefined function imagecreatefrompng() {"code":1,"message":"Call to undefined function imagecreatefrompng()","file":"/home/you/php/practice/framework/libs/vendor/kcaptcha/kcaptcha.php","line":49}
[2016-09-01 05:31:46] default.ALERT 4907 4e005ca: Fatal Error (E_ERROR): Call to undefined function imagecreatefrompng() {"code":1,"message":"Call to undefined function imagecreatefrompng()","file":"/home/you/php/practice/framework/libs/vendor/kcaptcha/kcaptcha.php","line":49}
[2016-09-01 05:31:47] default.ALERT 4908 490bb86: Fatal Error (E_ERROR): Call to undefined function imagecreatefrompng() {"code":1,"message":"Call to undefined function imagecreatefrompng()","file":"/home/you/php/practice/framework/libs/vendor/kcaptcha/kcaptcha.php","line":49}
[2016-09-01 05:33:39] default.ALERT 4907 2f77131: Fatal Error (E_ERROR): Call to undefined function imagecreatefrompng() {"code":1,"message":"Call to undefined function imagecreatefrompng()","file":"/home/you/php/practice/framework/libs/vendor/kcaptcha/kcaptcha.php","line":49}
[2016-09-01 05:39:26] default.NOTICE 6306 a0fd34b: E_NOTICE: Use of undefined constant CURLOPT_CONNECTTIMEOUT - assumed 'CURLOPT_CONNECTTIMEOUT' {"code":8,"message":"Use of undefined constant CURLOPT_CONNECTTIMEOUT - assumed 'CURLOPT_CONNECTTIMEOUT'","file":"/home/you/php/practice/application/plugins/admin/classes/modules/catalog/Catalog.class.php","line":188}
[2016-09-01 05:39:26] default.NOTICE 6306 a0fd34b: E_NOTICE: Use of undefined constant CURLOPT_TIMEOUT - assumed 'CURLOPT_TIMEOUT' {"code":8,"message":"Use of undefined constant CURLOPT_TIMEOUT - assumed 'CURLOPT_TIMEOUT'","file":"/home/you/php/practice/application/plugins/admin/classes/modules/catalog/Catalog.class.php","line":189}
[2016-09-01 05:42:36] default.WARNING 6305 4d8dded: Image error: Gd not installed {"exception":"[object] (Imagine\\Exception\\RuntimeException(code: 0): Gd not installed at /home/you/php/practice/framework/libs/vendor/Imagine/Gd/Imagine.php:172)"}
[2016-09-01 06:08:57] default.ERROR 6305 6efff1d: Uncaught Exception SmartyCompilerException: "Syntax Error in template &quot;/home/you/php/practice/application/frontend/components/topic/topic-add.tpl&quot;  on line 91 &quot;name            =  'sdff'//'topic[topic_text_source]'&quot;  - Unexpected &quot;/&quot;" at /home/you/php/practice/framework/libs/vendor/Smarty/libs/sysplugins/smarty_internal_templatecompilerbase.php line 665 {"exception":"[object] (SmartyCompilerException(code: 0): Syntax Error in template &quot;/home/you/php/practice/application/frontend/components/topic/topic-add.tpl&quot;  on line 91 &quot;name            =  'sdff'//'topic[topic_text_source]'&quot;  - Unexpected &quot;/&quot; at /home/you/php/practice/framework/libs/vendor/Smarty/libs/sysplugins/smarty_internal_templatecompilerbase.php:665)"}
[2016-09-01 06:08:58] default.ERROR 6329 6d1766c: Uncaught Exception SmartyCompilerException: "Syntax Error in template &quot;/home/you/php/practice/application/frontend/components/topic/topic-add.tpl&quot;  on line 91 &quot;name            =  'sdff'//'topic[topic_text_source]'&quot;  - Unexpected &quot;/&quot;" at /home/you/php/practice/framework/libs/vendor/Smarty/libs/sysplugins/smarty_internal_templatecompilerbase.php line 665 {"exception":"[object] (SmartyCompilerException(code: 0): Syntax Error in template &quot;/home/you/php/practice/application/frontend/components/topic/topic-add.tpl&quot;  on line 91 &quot;name            =  'sdff'//'topic[topic_text_source]'&quot;  - Unexpected &quot;/&quot; at /home/you/php/practice/framework/libs/vendor/Smarty/libs/sysplugins/smarty_internal_templatecompilerbase.php:665)"}
[2016-09-01 06:08:59] default.ERROR 6306 35f73d2: Uncaught Exception SmartyCompilerException: "Syntax Error in template &quot;/home/you/php/practice/application/frontend/components/topic/topic-add.tpl&quot;  on line 91 &quot;name            =  'sdff'//'topic[topic_text_source]'&quot;  - Unexpected &quot;/&quot;" at /home/you/php/practice/framework/libs/vendor/Smarty/libs/sysplugins/smarty_internal_templatecompilerbase.php line 665 {"exception":"[object] (SmartyCompilerException(code: 0): Syntax Error in template &quot;/home/you/php/practice/application/frontend/components/topic/topic-add.tpl&quot;  on line 91 &quot;name            =  'sdff'//'topic[topic_text_source]'&quot;  - Unexpected &quot;/&quot; at /home/you/php/practice/framework/libs/vendor/Smarty/libs/sysplugins/smarty_internal_templatecompilerbase.php:665)"}
[2016-09-01 06:09:00] default.ERROR 6305 db33cac: Uncaught Exception SmartyCompilerException: "Syntax Error in template &quot;/home/you/php/practice/application/frontend/components/topic/topic-add.tpl&quot;  on line 91 &quot;name            =  'sdff'//'topic[topic_text_source]'&quot;  - Unexpected &quot;/&quot;" at /home/you/php/practice/framework/libs/vendor/Smarty/libs/sysplugins/smarty_internal_templatecompilerbase.php line 665 {"exception":"[object] (SmartyCompilerException(code: 0): Syntax Error in template &quot;/home/you/php/practice/application/frontend/components/topic/topic-add.tpl&quot;  on line 91 &quot;name            =  'sdff'//'topic[topic_text_source]'&quot;  - Unexpected &quot;/&quot; at /home/you/php/practice/framework/libs/vendor/Smarty/libs/sysplugins/smarty_internal_templatecompilerbase.php:665)"}
[2016-09-01 06:09:15] default.ERROR 6329 ec5d798: Uncaught Exception SmartyCompilerException: "Syntax Error in template &quot;/home/you/php/practice/application/frontend/components/topic/topic-add.tpl&quot;  on line 91 &quot;name            = &amp;quot;sdf&amp;quot;//'topic[topic_text_source]'&quot;  - Unexpected &quot;/&quot;" at /home/you/php/practice/framework/libs/vendor/Smarty/libs/sysplugins/smarty_internal_templatecompilerbase.php line 665 {"exception":"[object] (SmartyCompilerException(code: 0): Syntax Error in template &quot;/home/you/php/practice/application/frontend/components/topic/topic-add.tpl&quot;  on line 91 &quot;name            = &amp;quot;sdf&amp;quot;//'topic[topic_text_source]'&quot;  - Unexpected &quot;/&quot; at /home/you/php/practice/framework/libs/vendor/Smarty/libs/sysplugins/smarty_internal_templatecompilerbase.php:665)"}
[2016-09-01 06:09:16] default.ERROR 6306 39bccaf: Uncaught Exception SmartyCompilerException: "Syntax Error in template &quot;/home/you/php/practice/application/frontend/components/topic/topic-add.tpl&quot;  on line 91 &quot;name            = &amp;quot;sdf&amp;quot;//'topic[topic_text_source]'&quot;  - Unexpected &quot;/&quot;" at /home/you/php/practice/framework/libs/vendor/Smarty/libs/sysplugins/smarty_internal_templatecompilerbase.php line 665 {"exception":"[object] (SmartyCompilerException(code: 0): Syntax Error in template &quot;/home/you/php/practice/application/frontend/components/topic/topic-add.tpl&quot;  on line 91 &quot;name            = &amp;quot;sdf&amp;quot;//'topic[topic_text_source]'&quot;  - Unexpected &quot;/&quot; at /home/you/php/practice/framework/libs/vendor/Smarty/libs/sysplugins/smarty_internal_templatecompilerbase.php:665)"}
[2016-09-01 06:09:16] default.ERROR 6305 c308166: Uncaught Exception SmartyCompilerException: "Syntax Error in template &quot;/home/you/php/practice/application/frontend/components/topic/topic-add.tpl&quot;  on line 91 &quot;name            = &amp;quot;sdf&amp;quot;//'topic[topic_text_source]'&quot;  - Unexpected &quot;/&quot;" at /home/you/php/practice/framework/libs/vendor/Smarty/libs/sysplugins/smarty_internal_templatecompilerbase.php line 665 {"exception":"[object] (SmartyCompilerException(code: 0): Syntax Error in template &quot;/home/you/php/practice/application/frontend/components/topic/topic-add.tpl&quot;  on line 91 &quot;name            = &amp;quot;sdf&amp;quot;//'topic[topic_text_source]'&quot;  - Unexpected &quot;/&quot; at /home/you/php/practice/framework/libs/vendor/Smarty/libs/sysplugins/smarty_internal_templatecompilerbase.php:665)"}
[2016-09-01 06:09:16] default.ERROR 6329 2dfbab7: Uncaught Exception SmartyCompilerException: "Syntax Error in template &quot;/home/you/php/practice/application/frontend/components/topic/topic-add.tpl&quot;  on line 91 &quot;name            = &amp;quot;sdf&amp;quot;//'topic[topic_text_source]'&quot;  - Unexpected &quot;/&quot;" at /home/you/php/practice/framework/libs/vendor/Smarty/libs/sysplugins/smarty_internal_templatecompilerbase.php line 665 {"exception":"[object] (SmartyCompilerException(code: 0): Syntax Error in template &quot;/home/you/php/practice/application/frontend/components/topic/topic-add.tpl&quot;  on line 91 &quot;name            = &amp;quot;sdf&amp;quot;//'topic[topic_text_source]'&quot;  - Unexpected &quot;/&quot; at /home/you/php/practice/framework/libs/vendor/Smarty/libs/sysplugins/smarty_internal_templatecompilerbase.php:665)"}
[2016-09-01 06:09:16] default.ERROR 6306 6159375: Uncaught Exception SmartyCompilerException: "Syntax Error in template &quot;/home/you/php/practice/application/frontend/components/topic/topic-add.tpl&quot;  on line 91 &quot;name            = &amp;quot;sdf&amp;quot;//'topic[topic_text_source]'&quot;  - Unexpected &quot;/&quot;" at /home/you/php/practice/framework/libs/vendor/Smarty/libs/sysplugins/smarty_internal_templatecompilerbase.php line 665 {"exception":"[object] (SmartyCompilerException(code: 0): Syntax Error in template &quot;/home/you/php/practice/application/frontend/components/topic/topic-add.tpl&quot;  on line 91 &quot;name            = &amp;quot;sdf&amp;quot;//'topic[topic_text_source]'&quot;  - Unexpected &quot;/&quot; at /home/you/php/practice/framework/libs/vendor/Smarty/libs/sysplugins/smarty_internal_templatecompilerbase.php:665)"}
[2016-09-01 06:09:17] default.ERROR 6329 692d995: Uncaught Exception SmartyCompilerException: "Syntax Error in template &quot;/home/you/php/practice/application/frontend/components/topic/topic-add.tpl&quot;  on line 91 &quot;name            = &amp;quot;sdf&amp;quot;//'topic[topic_text_source]'&quot;  - Unexpected &quot;/&quot;" at /home/you/php/practice/framework/libs/vendor/Smarty/libs/sysplugins/smarty_internal_templatecompilerbase.php line 665 {"exception":"[object] (SmartyCompilerException(code: 0): Syntax Error in template &quot;/home/you/php/practice/application/frontend/components/topic/topic-add.tpl&quot;  on line 91 &quot;name            = &amp;quot;sdf&amp;quot;//'topic[topic_text_source]'&quot;  - Unexpected &quot;/&quot; at /home/you/php/practice/framework/libs/vendor/Smarty/libs/sysplugins/smarty_internal_templatecompilerbase.php:665)"}
[2016-09-01 06:09:17] default.ERROR 6305 2fcd9a4: Uncaught Exception SmartyCompilerException: "Syntax Error in template &quot;/home/you/php/practice/application/frontend/components/topic/topic-add.tpl&quot;  on line 91 &quot;name            = &amp;quot;sdf&amp;quot;//'topic[topic_text_source]'&quot;  - Unexpected &quot;/&quot;" at /home/you/php/practice/framework/libs/vendor/Smarty/libs/sysplugins/smarty_internal_templatecompilerbase.php line 665 {"exception":"[object] (SmartyCompilerException(code: 0): Syntax Error in template &quot;/home/you/php/practice/application/frontend/components/topic/topic-add.tpl&quot;  on line 91 &quot;name            = &amp;quot;sdf&amp;quot;//'topic[topic_text_source]'&quot;  - Unexpected &quot;/&quot; at /home/you/php/practice/framework/libs/vendor/Smarty/libs/sysplugins/smarty_internal_templatecompilerbase.php:665)"}
[2016-09-01 06:09:18] default.ERROR 6329 7a1209e: Uncaught Exception SmartyCompilerException: "Syntax Error in template &quot;/home/you/php/practice/application/frontend/components/topic/topic-add.tpl&quot;  on line 91 &quot;name            = &amp;quot;sdf&amp;quot;//'topic[topic_text_source]'&quot;  - Unexpected &quot;/&quot;" at /home/you/php/practice/framework/libs/vendor/Smarty/libs/sysplugins/smarty_internal_templatecompilerbase.php line 665 {"exception":"[object] (SmartyCompilerException(code: 0): Syntax Error in template &quot;/home/you/php/practice/application/frontend/components/topic/topic-add.tpl&quot;  on line 91 &quot;name            = &amp;quot;sdf&amp;quot;//'topic[topic_text_source]'&quot;  - Unexpected &quot;/&quot; at /home/you/php/practice/framework/libs/vendor/Smarty/libs/sysplugins/smarty_internal_templatecompilerbase.php:665)"}
[2016-09-01 06:09:18] default.ERROR 6305 502ac08: Uncaught Exception SmartyCompilerException: "Syntax Error in template &quot;/home/you/php/practice/application/frontend/components/topic/topic-add.tpl&quot;  on line 91 &quot;name            = &amp;quot;sdf&amp;quot;//'topic[topic_text_source]'&quot;  - Unexpected &quot;/&quot;" at /home/you/php/practice/framework/libs/vendor/Smarty/libs/sysplugins/smarty_internal_templatecompilerbase.php line 665 {"exception":"[object] (SmartyCompilerException(code: 0): Syntax Error in template &quot;/home/you/php/practice/application/frontend/components/topic/topic-add.tpl&quot;  on line 91 &quot;name            = &amp;quot;sdf&amp;quot;//'topic[topic_text_source]'&quot;  - Unexpected &quot;/&quot; at /home/you/php/practice/framework/libs/vendor/Smarty/libs/sysplugins/smarty_internal_templatecompilerbase.php:665)"}
[2016-09-01 06:09:21] default.ERROR 6306 898999e: Uncaught Exception SmartyCompilerException: "Syntax Error in template &quot;/home/you/php/practice/application/frontend/components/topic/topic-add.tpl&quot;  on line 91 &quot;name            = &amp;quot;sdf&amp;quot;//'topic[topic_text_source]'&quot;  - Unexpected &quot;/&quot;" at /home/you/php/practice/framework/libs/vendor/Smarty/libs/sysplugins/smarty_internal_templatecompilerbase.php line 665 {"exception":"[object] (SmartyCompilerException(code: 0): Syntax Error in template &quot;/home/you/php/practice/application/frontend/components/topic/topic-add.tpl&quot;  on line 91 &quot;name            = &amp;quot;sdf&amp;quot;//'topic[topic_text_source]'&quot;  - Unexpected &quot;/&quot; at /home/you/php/practice/framework/libs/vendor/Smarty/libs/sysplugins/smarty_internal_templatecompilerbase.php:665)"}
